<?xml version="1.0" encoding="UTF-8"?>
<!-- Generated by org.testng.reporters.JUnitReportReporter -->
<testsuite hostname="vinhnnb" failures="0" tests="2" name="user.demo.nopcommerce.com.TC_01_Register" time="40.018" errors="0" timestamp="25 May 2022 07:40:40 GMT" skipped="0">
  <testcase classname="user.demo.nopcommerce.com.TC_01_Register" name="TC_01_Register_With_Valid_Data" time="20.308"/>
  <testcase classname="user.demo.nopcommerce.com.TC_01_Register" name="TC_01_Register_With_Valid_Data" time="19.710"/>
</testsuite> <!-- user.demo.nopcommerce.com.TC_01_Register -->
